#-----------------------------------------------------------
# Vivado v2024.2 (64-bit)
# SW Build 5239630 on Fri Nov 08 22:35:27 MST 2024
# IP Build 5239520 on Sun Nov 10 16:12:51 MST 2024
# SharedData Build 5239561 on Fri Nov 08 14:39:27 MST 2024
# Start of session at: Wed Mar  5 00:10:33 2025
# Process ID         : 34288
# Current directory  : C:/Users/laith/Desktop/Compe_470L/lab_5
# Command line       : vivado.exe -gui_launcher_event rodinguilauncherevent28608 C:\Users\laith\Desktop\Compe_470L\lab_5\lab_5.xpr
# Log file           : C:/Users/laith/Desktop/Compe_470L/lab_5/vivado.log
# Journal file       : C:/Users/laith/Desktop/Compe_470L/lab_5\vivado.jou
# Running On         : LaithLaptop
# Platform           : Windows Server 2016 or Windows 10
# Operating System   : 26100
# Processor Detail   : Intel(R) Core(TM) Ultra 7 155H
# CPU Frequency      : 2995 MHz
# CPU Physical cores : 16
# CPU Logical cores  : 22
# Host memory        : 33752 MB
# Swap memory        : 2147 MB
# Total Virtual      : 35900 MB
# Available Virtual  : 11488 MB
#-----------------------------------------------------------
start_gui
open_project C:/Users/laith/Desktop/Compe_470L/lab_5/lab_5.xpr
INFO: [filemgmt 56-3] Default IP Output Path : Could not find the directory 'C:/Users/laith/Desktop/Compe_470L/lab_5/lab_5.gen/sources_1'.
Scanning sources...
Finished scanning sources
INFO: [IP_Flow 19-234] Refreshing IP repositories
INFO: [IP_Flow 19-1704] No user IP repositories specified
INFO: [IP_Flow 19-2313] Loaded Vivado IP repository 'C:/Xilinx/Vivado/2024.2/data/ip'.
open_project: Time (s): cpu = 00:00:09 ; elapsed = 00:00:06 . Memory (MB): peak = 1213.832 ; gain = 146.184
update_compile_order -fileset sources_1
reset_run synth_1
INFO: [Project 1-1161] Replacing file C:/Users/laith/Desktop/Compe_470L/lab_5/lab_5.srcs/utils_1/imports/synth_1/tb_top.dcp with file C:/Users/laith/Desktop/Compe_470L/lab_5/lab_5.runs/synth_1/top.dcp
launch_runs impl_1 -to_step write_bitstream -jobs 11
[Wed Mar  5 00:11:35 2025] Launched synth_1...
Run output will be captured here: C:/Users/laith/Desktop/Compe_470L/lab_5/lab_5.runs/synth_1/runme.log
[Wed Mar  5 00:11:35 2025] Launched impl_1...
Run output will be captured here: C:/Users/laith/Desktop/Compe_470L/lab_5/lab_5.runs/impl_1/runme.log
open_hw_manager
