#-----------------------------------------------------------
# Vivado v2024.2 (64-bit)
# SW Build 5239630 on Fri Nov 08 22:35:27 MST 2024
# IP Build 5239520 on Sun Nov 10 16:12:51 MST 2024
# SharedData Build 5239561 on Fri Nov 08 14:39:27 MST 2024
# Start of session at: Wed Mar  5 10:12:27 2025
# Process ID         : 16776
# Current directory  : C:/Users/laith/Desktop/Compe_470L/lab_5
# Command line       : vivado.exe -gui_launcher_event rodinguilauncherevent21140 C:\Users\laith\Desktop\Compe_470L\lab_5\lab_5.xpr
# Log file           : C:/Users/laith/Desktop/Compe_470L/lab_5/vivado.log
# Journal file       : C:/Users/laith/Desktop/Compe_470L/lab_5\vivado.jou
# Running On         : LaithLaptop
# Platform           : Windows Server 2016 or Windows 10
# Operating System   : 26100
# Processor Detail   : Intel(R) Core(TM) Ultra 7 155H
# CPU Frequency      : 2995 MHz
# CPU Physical cores : 16
# CPU Logical cores  : 22
# Host memory        : 33752 MB
# Swap memory        : 2147 MB
# Total Virtual      : 35900 MB
# Available Virtual  : 18374 MB
#-----------------------------------------------------------
start_gui
open_project C:/Users/laith/Desktop/Compe_470L/lab_5/lab_5.xpr
INFO: [filemgmt 56-3] Default IP Output Path : Could not find the directory 'C:/Users/laith/Desktop/Compe_470L/lab_5/lab_5.gen/sources_1'.
Scanning sources...
Finished scanning sources
INFO: [IP_Flow 19-234] Refreshing IP repositories
INFO: [IP_Flow 19-1704] No user IP repositories specified
INFO: [IP_Flow 19-2313] Loaded Vivado IP repository 'C:/Xilinx/Vivado/2024.2/data/ip'.
open_project: Time (s): cpu = 00:00:13 ; elapsed = 00:00:08 . Memory (MB): peak = 1243.102 ; gain = 126.719
update_compile_order -fileset sources_1
WARNING: [filemgmt 56-199] Attempt to get parsing info during refresh. "On-the-fly" syntax checking information may be incorrect. [C:\Users\laith\Desktop\Compe_470L\lab_5\lab_5.srcs\sources_1\new\UART_Receiver.v:]
WARNING: [filemgmt 56-199] Attempt to get parsing info during refresh. "On-the-fly" syntax checking information may be incorrect. [C:\Users\laith\Desktop\Compe_470L\lab_5\lab_5.srcs\sources_1\new\top.v:]
WARNING: [filemgmt 56-199] Attempt to get parsing info during refresh. "On-the-fly" syntax checking information may be incorrect. [C:\Users\laith\Desktop\Compe_470L\lab_5\lab_5.srcs\sources_1\new\UART_Receiver.v:]
WARNING: [filemgmt 56-199] Attempt to get parsing info during refresh. "On-the-fly" syntax checking information may be incorrect. [C:\Users\laith\Desktop\Compe_470L\lab_5\lab_5.srcs\sources_1\new\UART_Receiver.v:]
ERROR: [Common 17-180] Spawn failed: No error
update_compile_order -fileset sources_1
reset_run synth_1
WARNING: [filemgmt 56-199] Attempt to get parsing info during refresh. "On-the-fly" syntax checking information may be incorrect. [C:\Users\laith\Desktop\Compe_470L\lab_5\lab_5.srcs\sources_1\new\UART_Receiver.v:]
WARNING: [filemgmt 56-199] Attempt to get parsing info during refresh. "On-the-fly" syntax checking information may be incorrect. [C:\Users\laith\Desktop\Compe_470L\lab_5\lab_5.srcs\sources_1\new\top.v:]
WARNING: [filemgmt 56-199] Attempt to get parsing info during refresh. "On-the-fly" syntax checking information may be incorrect. [C:\Users\laith\Desktop\Compe_470L\lab_5\lab_5.srcs\sources_1\new\UART_Receiver.v:]
WARNING: [filemgmt 56-199] Attempt to get parsing info during refresh. "On-the-fly" syntax checking information may be incorrect. [C:\Users\laith\Desktop\Compe_470L\lab_5\lab_5.srcs\sources_1\new\UART_Receiver.v:]
INFO: [Project 1-1161] Replacing file C:/Users/laith/Desktop/Compe_470L/lab_5/lab_5.srcs/utils_1/imports/synth_1/tb_top.dcp with file C:/Users/laith/Desktop/Compe_470L/lab_5/lab_5.runs/synth_1/top.dcp
launch_runs impl_1 -to_step write_bitstream -jobs 11
ERROR: [Common 17-180] Spawn failed: No error
WARNING: [filemgmt 56-199] Attempt to get parsing info during refresh. "On-the-fly" syntax checking information may be incorrect. [C:\Users\laith\Desktop\Compe_470L\lab_5\lab_5.srcs\sources_1\new\UART_Receiver.v:]
WARNING: [filemgmt 56-199] Attempt to get parsing info during refresh. "On-the-fly" syntax checking information may be incorrect. [C:\Users\laith\Desktop\Compe_470L\lab_5\lab_5.srcs\sources_1\new\top.v:]
WARNING: [filemgmt 56-199] Attempt to get parsing info during refresh. "On-the-fly" syntax checking information may be incorrect. [C:\Users\laith\Desktop\Compe_470L\lab_5\lab_5.srcs\sources_1\new\top.v:]
WARNING: [filemgmt 56-199] Attempt to get parsing info during refresh. "On-the-fly" syntax checking information may be incorrect. [C:\Users\laith\Desktop\Compe_470L\lab_5\lab_5.srcs\sources_1\new\top.v:]
WARNING: [filemgmt 56-199] Attempt to get parsing info during refresh. "On-the-fly" syntax checking information may be incorrect. [C:\Users\laith\Desktop\Compe_470L\lab_5\lab_5.srcs\sources_1\new\UART_Receiver.v:]
WARNING: [filemgmt 56-199] Attempt to get parsing info during refresh. "On-the-fly" syntax checking information may be incorrect. [C:\Users\laith\Desktop\Compe_470L\lab_5\lab_5.srcs\sources_1\new\top.v:]
WARNING: [filemgmt 56-199] Attempt to get parsing info during refresh. "On-the-fly" syntax checking information may be incorrect. [C:\Users\laith\Desktop\Compe_470L\lab_5\lab_5.srcs\sources_1\new\top.v:]
WARNING: [filemgmt 56-199] Attempt to get parsing info during refresh. "On-the-fly" syntax checking information may be incorrect. [C:\Users\laith\Desktop\Compe_470L\lab_5\lab_5.srcs\sources_1\new\top.v:]
ERROR: [Vivado 12-4756] Launch of runs aborted due to earlier errors while preparing sub-designs for run execution.
update_compile_order -fileset sources_1
WARNING: [filemgmt 56-199] Attempt to get parsing info during refresh. "On-the-fly" syntax checking information may be incorrect. [C:\Users\laith\Desktop\Compe_470L\lab_5\lab_5.srcs\sources_1\new\UART_Receiver.v:]
WARNING: [filemgmt 56-199] Attempt to get parsing info during refresh. "On-the-fly" syntax checking information may be incorrect. [C:\Users\laith\Desktop\Compe_470L\lab_5\lab_5.srcs\sources_1\new\top.v:]
WARNING: [filemgmt 56-199] Attempt to get parsing info during refresh. "On-the-fly" syntax checking information may be incorrect. [C:\Users\laith\Desktop\Compe_470L\lab_5\lab_5.srcs\sources_1\new\UART_Receiver.v:]
WARNING: [filemgmt 56-199] Attempt to get parsing info during refresh. "On-the-fly" syntax checking information may be incorrect. [C:\Users\laith\Desktop\Compe_470L\lab_5\lab_5.srcs\sources_1\new\UART_Receiver.v:]
ERROR: [Common 17-180] Spawn failed: No error
WARNING: [filemgmt 56-199] Attempt to get parsing info during refresh. "On-the-fly" syntax checking information may be incorrect. [C:\Users\laith\Desktop\Compe_470L\lab_5\lab_5.srcs\sources_1\new\UART_Receiver.v:]
WARNING: [filemgmt 56-199] Attempt to get parsing info during refresh. "On-the-fly" syntax checking information may be incorrect. [C:\Users\laith\Desktop\Compe_470L\lab_5\lab_5.srcs\sources_1\new\top.v:]
WARNING: [filemgmt 56-199] Attempt to get parsing info during refresh. "On-the-fly" syntax checking information may be incorrect. [C:\Users\laith\Desktop\Compe_470L\lab_5\lab_5.srcs\sources_1\new\UART_Receiver.v:]
WARNING: [filemgmt 56-199] Attempt to get parsing info during refresh. "On-the-fly" syntax checking information may be incorrect. [C:\Users\laith\Desktop\Compe_470L\lab_5\lab_5.srcs\sources_1\new\UART_Receiver.v:]
ERROR: [Common 17-180] Spawn failed: No error
launch_runs impl_1 -to_step write_bitstream -jobs 11
[Wed Mar  5 10:14:53 2025] Launched synth_1...
Run output will be captured here: C:/Users/laith/Desktop/Compe_470L/lab_5/lab_5.runs/synth_1/runme.log
[Wed Mar  5 10:14:53 2025] Launched impl_1...
Run output will be captured here: C:/Users/laith/Desktop/Compe_470L/lab_5/lab_5.runs/impl_1/runme.log
WARNING: [filemgmt 56-199] Attempt to get parsing info during refresh. "On-the-fly" syntax checking information may be incorrect. [C:\Users\laith\Desktop\Compe_470L\lab_5\lab_5.srcs\sources_1\new\UART_Receiver.v:]
WARNING: [filemgmt 56-199] Attempt to get parsing info during refresh. "On-the-fly" syntax checking information may be incorrect. [C:\Users\laith\Desktop\Compe_470L\lab_5\lab_5.srcs\sources_1\new\top.v:]
WARNING: [filemgmt 56-199] Attempt to get parsing info during refresh. "On-the-fly" syntax checking information may be incorrect. [C:\Users\laith\Desktop\Compe_470L\lab_5\lab_5.srcs\sources_1\new\UART_Receiver.v:]
WARNING: [filemgmt 56-199] Attempt to get parsing info during refresh. "On-the-fly" syntax checking information may be incorrect. [C:\Users\laith\Desktop\Compe_470L\lab_5\lab_5.srcs\sources_1\new\UART_Receiver.v:]
ERROR: [Common 17-180] Spawn failed: No error
reset_run synth_1
WARNING: [Vivado 12-1017] Problems encountered:
1. Failed to delete one or more files in run directory C:/Users/laith/Desktop/Compe_470L/lab_5/lab_5.runs/synth_1

launch_runs impl_1 -to_step write_bitstream -jobs 11
[Wed Mar  5 10:15:11 2025] Launched synth_1...
Run output will be captured here: C:/Users/laith/Desktop/Compe_470L/lab_5/lab_5.runs/synth_1/runme.log
[Wed Mar  5 10:15:11 2025] Launched impl_1...
Run output will be captured here: C:/Users/laith/Desktop/Compe_470L/lab_5/lab_5.runs/impl_1/runme.log
reset_run synth_1
WARNING: [Vivado 12-1017] Problems encountered:
1. PID not specified

launch_runs impl_1 -to_step write_bitstream -jobs 11
[Wed Mar  5 10:15:16 2025] Launched synth_1...
Run output will be captured here: C:/Users/laith/Desktop/Compe_470L/lab_5/lab_5.runs/synth_1/runme.log
[Wed Mar  5 10:15:16 2025] Launched impl_1...
Run output will be captured here: C:/Users/laith/Desktop/Compe_470L/lab_5/lab_5.runs/impl_1/runme.log
open_hw_manager
connect_hw_server -allow_non_jtag
INFO: [Labtools 27-2285] Connecting to hw_server url TCP:localhost:3121
INFO: [Labtools 27-2222] Launching hw_server...
INFO: [Labtools 27-2221] Launch Output:

****** Xilinx hw_server v2024.2
  **** Build date : Oct 29 2024 at 10:25:41
    ** Copyright 1986-2022 Xilinx, Inc. All Rights Reserved.


INFO: [Labtools 27-3415] Connecting to cs_server url TCP:localhost:0
INFO: [Labtools 27-3417] Launching cs_server...
INFO: [Labtools 27-2221] Launch Output:


******** Xilinx cs_server v2024.2.0
  ****** Build date   : Oct 30 2024-11:19:07
    **** Build number : 2024.2.1730312347
      ** Copyright 2017-2022 Xilinx, Inc. All Rights Reserved.
      ** Copyright 2022-2025 Advanced Micro Devices, Inc. All Rights Reserved.



connect_hw_server: Time (s): cpu = 00:00:01 ; elapsed = 00:00:07 . Memory (MB): peak = 1308.746 ; gain = 12.562
open_hw_target
INFO: [Labtoolstcl 44-466] Opening hw_target localhost:3121/xilinx_tcf/Digilent/210183AF2970A
set_property PROGRAM.FILE {C:/Users/laith/Desktop/Compe_470L/lab_5/lab_5.runs/impl_1/top.bit} [get_hw_devices xc7a35t_0]
current_hw_device [get_hw_devices xc7a35t_0]
refresh_hw_device -update_hw_probes false [lindex [get_hw_devices xc7a35t_0] 0]
INFO: [Labtools 27-1434] Device xc7a35t (JTAG device index = 0) is programmed with a design that has no supported debug core(s) in it.
set_property PROBES.FILE {} [get_hw_devices xc7a35t_0]
set_property FULL_PROBES.FILE {} [get_hw_devices xc7a35t_0]
set_property PROGRAM.FILE {C:/Users/laith/Desktop/Compe_470L/lab_5/lab_5.runs/impl_1/top.bit} [get_hw_devices xc7a35t_0]
program_hw_devices [get_hw_devices xc7a35t_0]
INFO: [Labtools 27-3164] End of startup status: HIGH
refresh_hw_device [lindex [get_hw_devices xc7a35t_0] 0]
INFO: [Labtools 27-1434] Device xc7a35t (JTAG device index = 0) is programmed with a design that has no supported debug core(s) in it.
WARNING: [filemgmt 56-199] Attempt to get parsing info during refresh. "On-the-fly" syntax checking information may be incorrect. [C:\Users\laith\Desktop\Compe_470L\lab_5\lab_5.srcs\sources_1\new\UART_Receiver.v:]
WARNING: [filemgmt 56-199] Attempt to get parsing info during refresh. "On-the-fly" syntax checking information may be incorrect. [C:\Users\laith\Desktop\Compe_470L\lab_5\lab_5.srcs\sources_1\new\top.v:]
WARNING: [filemgmt 56-199] Attempt to get parsing info during refresh. "On-the-fly" syntax checking information may be incorrect. [C:\Users\laith\Desktop\Compe_470L\lab_5\lab_5.srcs\sources_1\new\UART_Receiver.v:]
WARNING: [filemgmt 56-199] Attempt to get parsing info during refresh. "On-the-fly" syntax checking information may be incorrect. [C:\Users\laith\Desktop\Compe_470L\lab_5\lab_5.srcs\sources_1\new\UART_Receiver.v:]
ERROR: [Common 17-180] Spawn failed: No error
reset_run synth_1
INFO: [Project 1-1161] Replacing file C:/Users/laith/Desktop/Compe_470L/lab_5/lab_5.srcs/utils_1/imports/synth_1/tb_top.dcp with file C:/Users/laith/Desktop/Compe_470L/lab_5/lab_5.runs/synth_1/top.dcp
launch_runs impl_1 -to_step write_bitstream -jobs 11
WARNING: [filemgmt 56-199] Attempt to get parsing info during refresh. "On-the-fly" syntax checking information may be incorrect. [C:\Users\laith\Desktop\Compe_470L\lab_5\lab_5.srcs\sources_1\new\UART_Receiver.v:]
WARNING: [filemgmt 56-199] Attempt to get parsing info during refresh. "On-the-fly" syntax checking information may be incorrect. [C:\Users\laith\Desktop\Compe_470L\lab_5\lab_5.srcs\sources_1\new\top.v:]
WARNING: [filemgmt 56-199] Attempt to get parsing info during refresh. "On-the-fly" syntax checking information may be incorrect. [C:\Users\laith\Desktop\Compe_470L\lab_5\lab_5.srcs\sources_1\new\top.v:]
WARNING: [filemgmt 56-199] Attempt to get parsing info during refresh. "On-the-fly" syntax checking information may be incorrect. [C:\Users\laith\Desktop\Compe_470L\lab_5\lab_5.srcs\sources_1\new\top.v:]
[Wed Mar  5 10:20:38 2025] Launched synth_1...
Run output will be captured here: C:/Users/laith/Desktop/Compe_470L/lab_5/lab_5.runs/synth_1/runme.log
[Wed Mar  5 10:20:39 2025] Launched impl_1...
Run output will be captured here: C:/Users/laith/Desktop/Compe_470L/lab_5/lab_5.runs/impl_1/runme.log
ERROR: [Common 17-180] Spawn failed: No error
WARNING: [filemgmt 56-199] Attempt to get parsing info during refresh. "On-the-fly" syntax checking information may be incorrect. [C:\Users\laith\Desktop\Compe_470L\lab_5\lab_5.srcs\sources_1\new\UART_Receiver.v:]
WARNING: [filemgmt 56-199] Attempt to get parsing info during refresh. "On-the-fly" syntax checking information may be incorrect. [C:\Users\laith\Desktop\Compe_470L\lab_5\lab_5.srcs\sources_1\new\top.v:]
WARNING: [filemgmt 56-199] Attempt to get parsing info during refresh. "On-the-fly" syntax checking information may be incorrect. [C:\Users\laith\Desktop\Compe_470L\lab_5\lab_5.srcs\sources_1\new\UART_Receiver.v:]
WARNING: [filemgmt 56-199] Attempt to get parsing info during refresh. "On-the-fly" syntax checking information may be incorrect. [C:\Users\laith\Desktop\Compe_470L\lab_5\lab_5.srcs\sources_1\new\UART_Receiver.v:]
ERROR: [Common 17-180] Spawn failed: No error
set_property PROBES.FILE {} [get_hw_devices xc7a35t_0]
set_property FULL_PROBES.FILE {} [get_hw_devices xc7a35t_0]
set_property PROGRAM.FILE {C:/Users/laith/Desktop/Compe_470L/lab_5/lab_5.runs/impl_1/top.bit} [get_hw_devices xc7a35t_0]
program_hw_devices [get_hw_devices xc7a35t_0]
INFO: [Labtools 27-3164] End of startup status: HIGH
refresh_hw_device [lindex [get_hw_devices xc7a35t_0] 0]
INFO: [Labtools 27-1434] Device xc7a35t (JTAG device index = 0) is programmed with a design that has no supported debug core(s) in it.
reset_run synth_1
INFO: [Project 1-1161] Replacing file C:/Users/laith/Desktop/Compe_470L/lab_5/lab_5.srcs/utils_1/imports/synth_1/tb_top.dcp with file C:/Users/laith/Desktop/Compe_470L/lab_5/lab_5.runs/synth_1/top.dcp
launch_runs impl_1 -to_step write_bitstream -jobs 11
WARNING: [filemgmt 56-199] Attempt to get parsing info during refresh. "On-the-fly" syntax checking information may be incorrect. [C:\Users\laith\Desktop\Compe_470L\lab_5\lab_5.srcs\sources_1\new\UART_Receiver.v:]
WARNING: [filemgmt 56-199] Attempt to get parsing info during refresh. "On-the-fly" syntax checking information may be incorrect. [C:\Users\laith\Desktop\Compe_470L\lab_5\lab_5.srcs\sources_1\new\top.v:]
WARNING: [filemgmt 56-199] Attempt to get parsing info during refresh. "On-the-fly" syntax checking information may be incorrect. [C:\Users\laith\Desktop\Compe_470L\lab_5\lab_5.srcs\sources_1\new\UART_Receiver.v:]
WARNING: [filemgmt 56-199] Attempt to get parsing info during refresh. "On-the-fly" syntax checking information may be incorrect. [C:\Users\laith\Desktop\Compe_470L\lab_5\lab_5.srcs\sources_1\new\UART_Receiver.v:]
WARNING: [filemgmt 56-199] Attempt to get parsing info during refresh. "On-the-fly" syntax checking information may be incorrect. [C:\Users\laith\Desktop\Compe_470L\lab_5\lab_5.srcs\sources_1\new\UART_Receiver.v:]
WARNING: [filemgmt 56-199] Attempt to get parsing info during refresh. "On-the-fly" syntax checking information may be incorrect. [C:\Users\laith\Desktop\Compe_470L\lab_5\lab_5.srcs\sources_1\new\top.v:]
WARNING: [filemgmt 56-199] Attempt to get parsing info during refresh. "On-the-fly" syntax checking information may be incorrect. [C:\Users\laith\Desktop\Compe_470L\lab_5\lab_5.srcs\sources_1\new\top.v:]
WARNING: [filemgmt 56-199] Attempt to get parsing info during refresh. "On-the-fly" syntax checking information may be incorrect. [C:\Users\laith\Desktop\Compe_470L\lab_5\lab_5.srcs\sources_1\new\top.v:]
ERROR: [Common 17-180] Spawn failed: No error
WARNING: [filemgmt 56-199] Attempt to get parsing info during refresh. "On-the-fly" syntax checking information may be incorrect. [C:\Users\laith\Desktop\Compe_470L\lab_5\lab_5.srcs\sources_1\new\UART_Receiver.v:]
WARNING: [filemgmt 56-199] Attempt to get parsing info during refresh. "On-the-fly" syntax checking information may be incorrect. [C:\Users\laith\Desktop\Compe_470L\lab_5\lab_5.srcs\sources_1\new\top.v:]
WARNING: [filemgmt 56-199] Attempt to get parsing info during refresh. "On-the-fly" syntax checking information may be incorrect. [C:\Users\laith\Desktop\Compe_470L\lab_5\lab_5.srcs\sources_1\new\top.v:]
WARNING: [filemgmt 56-199] Attempt to get parsing info during refresh. "On-the-fly" syntax checking information may be incorrect. [C:\Users\laith\Desktop\Compe_470L\lab_5\lab_5.srcs\sources_1\new\top.v:]
ERROR: [Vivado 12-4756] Launch of runs aborted due to earlier errors while preparing sub-designs for run execution.
ERROR: [Common 17-180] Spawn failed: No error
launch_runs impl_1 -to_step write_bitstream -jobs 11
[Wed Mar  5 10:23:46 2025] Launched synth_1...
Run output will be captured here: C:/Users/laith/Desktop/Compe_470L/lab_5/lab_5.runs/synth_1/runme.log
[Wed Mar  5 10:23:46 2025] Launched impl_1...
Run output will be captured here: C:/Users/laith/Desktop/Compe_470L/lab_5/lab_5.runs/impl_1/runme.log
WARNING: [filemgmt 56-199] Attempt to get parsing info during refresh. "On-the-fly" syntax checking information may be incorrect. [C:\Users\laith\Desktop\Compe_470L\lab_5\lab_5.srcs\sources_1\new\UART_Receiver.v:]
WARNING: [filemgmt 56-199] Attempt to get parsing info during refresh. "On-the-fly" syntax checking information may be incorrect. [C:\Users\laith\Desktop\Compe_470L\lab_5\lab_5.srcs\sources_1\new\top.v:]
WARNING: [filemgmt 56-199] Attempt to get parsing info during refresh. "On-the-fly" syntax checking information may be incorrect. [C:\Users\laith\Desktop\Compe_470L\lab_5\lab_5.srcs\sources_1\new\top.v:]
WARNING: [filemgmt 56-199] Attempt to get parsing info during refresh. "On-the-fly" syntax checking information may be incorrect. [C:\Users\laith\Desktop\Compe_470L\lab_5\lab_5.srcs\sources_1\new\top.v:]
ERROR: [Common 17-180] Spawn failed: No error
reset_run synth_1
WARNING: [Vivado 12-1017] Problems encountered:
1. Failed to delete one or more files in run directory C:/Users/laith/Desktop/Compe_470L/lab_5/lab_5.runs/synth_1

launch_runs impl_1 -to_step write_bitstream -jobs 11
[Wed Mar  5 10:24:33 2025] Launched synth_1...
Run output will be captured here: C:/Users/laith/Desktop/Compe_470L/lab_5/lab_5.runs/synth_1/runme.log
[Wed Mar  5 10:24:34 2025] Launched impl_1...
Run output will be captured here: C:/Users/laith/Desktop/Compe_470L/lab_5/lab_5.runs/impl_1/runme.log
reset_run synth_1
WARNING: [Vivado 12-1017] Problems encountered:
1. Failed to delete one or more files in run directory C:/Users/laith/Desktop/Compe_470L/lab_5/lab_5.runs/synth_1

launch_runs impl_1 -to_step write_bitstream -jobs 11
[Wed Mar  5 10:24:36 2025] Launched synth_1...
Run output will be captured here: C:/Users/laith/Desktop/Compe_470L/lab_5/lab_5.runs/synth_1/runme.log
[Wed Mar  5 10:24:36 2025] Launched impl_1...
Run output will be captured here: C:/Users/laith/Desktop/Compe_470L/lab_5/lab_5.runs/impl_1/runme.log
set_property PROBES.FILE {} [get_hw_devices xc7a35t_0]
set_property FULL_PROBES.FILE {} [get_hw_devices xc7a35t_0]
set_property PROGRAM.FILE {C:/Users/laith/Desktop/Compe_470L/lab_5/lab_5.runs/impl_1/top.bit} [get_hw_devices xc7a35t_0]
program_hw_devices [get_hw_devices xc7a35t_0]
INFO: [Labtools 27-3164] End of startup status: HIGH
refresh_hw_device [lindex [get_hw_devices xc7a35t_0] 0]
INFO: [Labtools 27-1434] Device xc7a35t (JTAG device index = 0) is programmed with a design that has no supported debug core(s) in it.
ERROR: [Labtoolstcl 44-513] HW Target shutdown. Closing target: localhost:3121/xilinx_tcf/Digilent/210183AF2970A
INFO: [Labtoolstcl 44-466] Opening hw_target localhost:3121/xilinx_tcf/Digilent/210183AF2970A
INFO: [Labtools 27-1434] Device xc7a35t (JTAG device index = 0) is programmed with a design that has no supported debug core(s) in it.
WARNING: [Labtoolstcl 44-129] No matching hw_ila_data was found.
ERROR: [Labtoolstcl 44-513] HW Target shutdown. Closing target: localhost:3121/xilinx_tcf/Digilent/210183AF2970A
INFO: [Labtoolstcl 44-466] Opening hw_target localhost:3121/xilinx_tcf/Digilent/210183AF2970A
INFO: [Labtools 27-1434] Device xc7a35t (JTAG device index = 0) is programmed with a design that has no supported debug core(s) in it.
WARNING: [Labtoolstcl 44-129] No matching hw_ila_data was found.
ERROR: [Labtoolstcl 44-513] HW Target shutdown. Closing target: localhost:3121/xilinx_tcf/Digilent/210183AF2970A
INFO: [Labtoolstcl 44-466] Opening hw_target localhost:3121/xilinx_tcf/Digilent/210183AF2970A
INFO: [Labtools 27-1434] Device xc7a35t (JTAG device index = 0) is programmed with a design that has no supported debug core(s) in it.
WARNING: [Labtoolstcl 44-129] No matching hw_ila_data was found.
WARNING: [filemgmt 56-199] Attempt to get parsing info during refresh. "On-the-fly" syntax checking information may be incorrect. [C:\Users\laith\Desktop\Compe_470L\lab_5\lab_5.srcs\sources_1\new\UART_Receiver.v:]
WARNING: [filemgmt 56-199] Attempt to get parsing info during refresh. "On-the-fly" syntax checking information may be incorrect. [C:\Users\laith\Desktop\Compe_470L\lab_5\lab_5.srcs\sources_1\new\top.v:]
WARNING: [filemgmt 56-199] Attempt to get parsing info during refresh. "On-the-fly" syntax checking information may be incorrect. [C:\Users\laith\Desktop\Compe_470L\lab_5\lab_5.srcs\sources_1\new\UART_Receiver.v:]
WARNING: [filemgmt 56-199] Attempt to get parsing info during refresh. "On-the-fly" syntax checking information may be incorrect. [C:\Users\laith\Desktop\Compe_470L\lab_5\lab_5.srcs\sources_1\new\UART_Receiver.v:]
reset_run synth_1
INFO: [Project 1-1161] Replacing file C:/Users/laith/Desktop/Compe_470L/lab_5/lab_5.srcs/utils_1/imports/synth_1/tb_top.dcp with file C:/Users/laith/Desktop/Compe_470L/lab_5/lab_5.runs/synth_1/top.dcp
launch_runs impl_1 -to_step write_bitstream -jobs 11
WARNING: [filemgmt 56-199] Attempt to get parsing info during refresh. "On-the-fly" syntax checking information may be incorrect. [C:\Users\laith\Desktop\Compe_470L\lab_5\lab_5.srcs\sources_1\new\UART_Receiver.v:]
WARNING: [filemgmt 56-199] Attempt to get parsing info during refresh. "On-the-fly" syntax checking information may be incorrect. [C:\Users\laith\Desktop\Compe_470L\lab_5\lab_5.srcs\sources_1\new\top.v:]
WARNING: [filemgmt 56-199] Attempt to get parsing info during refresh. "On-the-fly" syntax checking information may be incorrect. [C:\Users\laith\Desktop\Compe_470L\lab_5\lab_5.srcs\sources_1\new\UART_Receiver.v:]
WARNING: [filemgmt 56-199] Attempt to get parsing info during refresh. "On-the-fly" syntax checking information may be incorrect. [C:\Users\laith\Desktop\Compe_470L\lab_5\lab_5.srcs\sources_1\new\UART_Receiver.v:]
ERROR: [Common 17-180] Spawn failed: No error
WARNING: [filemgmt 56-199] Attempt to get parsing info during refresh. "On-the-fly" syntax checking information may be incorrect. [C:\Users\laith\Desktop\Compe_470L\lab_5\lab_5.srcs\sources_1\new\UART_Receiver.v:]
WARNING: [filemgmt 56-199] Attempt to get parsing info during refresh. "On-the-fly" syntax checking information may be incorrect. [C:\Users\laith\Desktop\Compe_470L\lab_5\lab_5.srcs\sources_1\new\top.v:]
WARNING: [filemgmt 56-199] Attempt to get parsing info during refresh. "On-the-fly" syntax checking information may be incorrect. [C:\Users\laith\Desktop\Compe_470L\lab_5\lab_5.srcs\sources_1\new\top.v:]
WARNING: [filemgmt 56-199] Attempt to get parsing info during refresh. "On-the-fly" syntax checking information may be incorrect. [C:\Users\laith\Desktop\Compe_470L\lab_5\lab_5.srcs\sources_1\new\top.v:]
ERROR: [Vivado 12-4756] Launch of runs aborted due to earlier errors while preparing sub-designs for run execution.
ERROR: [Common 17-180] Spawn failed: No error
launch_runs impl_1 -to_step write_bitstream -jobs 11
[Wed Mar  5 10:30:01 2025] Launched synth_1...
Run output will be captured here: C:/Users/laith/Desktop/Compe_470L/lab_5/lab_5.runs/synth_1/runme.log
[Wed Mar  5 10:30:01 2025] Launched impl_1...
Run output will be captured here: C:/Users/laith/Desktop/Compe_470L/lab_5/lab_5.runs/impl_1/runme.log
set_property PROBES.FILE {} [get_hw_devices xc7a35t_0]
set_property FULL_PROBES.FILE {} [get_hw_devices xc7a35t_0]
set_property PROGRAM.FILE {C:/Users/laith/Desktop/Compe_470L/lab_5/lab_5.runs/impl_1/top.bit} [get_hw_devices xc7a35t_0]
program_hw_devices [get_hw_devices xc7a35t_0]
INFO: [Labtools 27-3164] End of startup status: HIGH
refresh_hw_device [lindex [get_hw_devices xc7a35t_0] 0]
INFO: [Labtools 27-1434] Device xc7a35t (JTAG device index = 0) is programmed with a design that has no supported debug core(s) in it.
WARNING: [filemgmt 56-199] Attempt to get parsing info during refresh. "On-the-fly" syntax checking information may be incorrect. [C:\Users\laith\Desktop\Compe_470L\lab_5\lab_5.srcs\sources_1\new\UART_Receiver.v:]
WARNING: [filemgmt 56-199] Attempt to get parsing info during refresh. "On-the-fly" syntax checking information may be incorrect. [C:\Users\laith\Desktop\Compe_470L\lab_5\lab_5.srcs\sources_1\new\top.v:]
WARNING: [filemgmt 56-199] Attempt to get parsing info during refresh. "On-the-fly" syntax checking information may be incorrect. [C:\Users\laith\Desktop\Compe_470L\lab_5\lab_5.srcs\sources_1\new\UART_Receiver.v:]
WARNING: [filemgmt 56-199] Attempt to get parsing info during refresh. "On-the-fly" syntax checking information may be incorrect. [C:\Users\laith\Desktop\Compe_470L\lab_5\lab_5.srcs\sources_1\new\UART_Receiver.v:]
reset_run synth_1
INFO: [Project 1-1161] Replacing file C:/Users/laith/Desktop/Compe_470L/lab_5/lab_5.srcs/utils_1/imports/synth_1/tb_top.dcp with file C:/Users/laith/Desktop/Compe_470L/lab_5/lab_5.runs/synth_1/top.dcp
ERROR: [Common 17-180] Spawn failed: No error
ERROR: [Common 17-39] 'reset_runs' failed due to earlier errors.
WARNING: [filemgmt 56-199] Attempt to get parsing info during refresh. "On-the-fly" syntax checking information may be incorrect. [C:\Users\laith\Desktop\Compe_470L\lab_5\lab_5.srcs\sources_1\new\UART_Receiver.v:]
WARNING: [filemgmt 56-199] Attempt to get parsing info during refresh. "On-the-fly" syntax checking information may be incorrect. [C:\Users\laith\Desktop\Compe_470L\lab_5\lab_5.srcs\sources_1\new\top.v:]
WARNING: [filemgmt 56-199] Attempt to get parsing info during refresh. "On-the-fly" syntax checking information may be incorrect. [C:\Users\laith\Desktop\Compe_470L\lab_5\lab_5.srcs\sources_1\new\top.v:]
WARNING: [filemgmt 56-199] Attempt to get parsing info during refresh. "On-the-fly" syntax checking information may be incorrect. [C:\Users\laith\Desktop\Compe_470L\lab_5\lab_5.srcs\sources_1\new\top.v:]
ERROR: [Common 17-180] Spawn failed: No error
launch_runs impl_1 -to_step write_bitstream -jobs 11
[Wed Mar  5 10:33:17 2025] Launched synth_1...
Run output will be captured here: C:/Users/laith/Desktop/Compe_470L/lab_5/lab_5.runs/synth_1/runme.log
[Wed Mar  5 10:33:17 2025] Launched impl_1...
Run output will be captured here: C:/Users/laith/Desktop/Compe_470L/lab_5/lab_5.runs/impl_1/runme.log
set_property PROBES.FILE {} [get_hw_devices xc7a35t_0]
set_property FULL_PROBES.FILE {} [get_hw_devices xc7a35t_0]
set_property PROGRAM.FILE {C:/Users/laith/Desktop/Compe_470L/lab_5/lab_5.runs/impl_1/top.bit} [get_hw_devices xc7a35t_0]
program_hw_devices [get_hw_devices xc7a35t_0]
INFO: [Labtools 27-3164] End of startup status: HIGH
refresh_hw_device [lindex [get_hw_devices xc7a35t_0] 0]
INFO: [Labtools 27-1434] Device xc7a35t (JTAG device index = 0) is programmed with a design that has no supported debug core(s) in it.
exit
INFO: [Common 17-206] Exiting Vivado at Wed Mar  5 10:38:59 2025...
