#-----------------------------------------------------------
# Vivado v2024.2 (64-bit)
# SW Build 5239630 on Fri Nov 08 22:35:27 MST 2024
# IP Build 5239520 on Sun Nov 10 16:12:51 MST 2024
# SharedData Build 5239561 on Fri Nov 08 14:39:27 MST 2024
# Start of session at: Wed Mar  5 09:20:38 2025
# Process ID         : 16740
# Current directory  : C:/Users/laith/Desktop/Compe_470L/lab_5
# Command line       : vivado.exe -gui_launcher_event rodinguilauncherevent18216 C:\Users\laith\Desktop\Compe_470L\lab_5\lab_5.xpr
# Log file           : C:/Users/laith/Desktop/Compe_470L/lab_5/vivado.log
# Journal file       : C:/Users/laith/Desktop/Compe_470L/lab_5\vivado.jou
# Running On         : LaithLaptop
# Platform           : Windows Server 2016 or Windows 10
# Operating System   : 26100
# Processor Detail   : Intel(R) Core(TM) Ultra 7 155H
# CPU Frequency      : 2995 MHz
# CPU Physical cores : 16
# CPU Logical cores  : 22
# Host memory        : 33752 MB
# Swap memory        : 2147 MB
# Total Virtual      : 35900 MB
# Available Virtual  : 28831 MB
#-----------------------------------------------------------
start_gui
open_project C:/Users/laith/Desktop/Compe_470L/lab_5/lab_5.xpr
INFO: [filemgmt 56-3] Default IP Output Path : Could not find the directory 'C:/Users/laith/Desktop/Compe_470L/lab_5/lab_5.gen/sources_1'.
Scanning sources...
Finished scanning sources
INFO: [IP_Flow 19-234] Refreshing IP repositories
INFO: [IP_Flow 19-1704] No user IP repositories specified
INFO: [IP_Flow 19-2313] Loaded Vivado IP repository 'C:/Xilinx/Vivado/2024.2/data/ip'.
open_project: Time (s): cpu = 00:00:21 ; elapsed = 00:00:13 . Memory (MB): peak = 1253.840 ; gain = 179.344
update_compile_order -fileset sources_1
open_hw_manager
connect_hw_server -allow_non_jtag
INFO: [Labtools 27-2285] Connecting to hw_server url TCP:localhost:3121
INFO: [Labtools 27-2222] Launching hw_server...
INFO: [Labtools 27-2221] Launch Output:

****** Xilinx hw_server v2024.2
  **** Build date : Oct 29 2024 at 10:25:41
    ** Copyright 1986-2022 Xilinx, Inc. All Rights Reserved.


INFO: [Labtools 27-3415] Connecting to cs_server url TCP:localhost:0
INFO: [Labtools 27-3417] Launching cs_server...
INFO: [Labtools 27-2221] Launch Output:


******** Xilinx cs_server v2024.2.0
  ****** Build date   : Oct 30 2024-11:19:07
    **** Build number : 2024.2.1730312347
      ** Copyright 2017-2022 Xilinx, Inc. All Rights Reserved.
      ** Copyright 2022-2025 Advanced Micro Devices, Inc. All Rights Reserved.



connect_hw_server: Time (s): cpu = 00:00:02 ; elapsed = 00:00:11 . Memory (MB): peak = 1303.668 ; gain = 4.938
open_hw_target
INFO: [Labtoolstcl 44-466] Opening hw_target localhost:3121/xilinx_tcf/Digilent/210183AF2970A
set_property PROGRAM.FILE {C:/Users/laith/Desktop/Compe_470L/lab_5/lab_5.runs/impl_1/top.bit} [get_hw_devices xc7a35t_0]
current_hw_device [get_hw_devices xc7a35t_0]
refresh_hw_device -update_hw_probes false [lindex [get_hw_devices xc7a35t_0] 0]
INFO: [Labtools 27-1435] Device xc7a35t (JTAG device index = 0) is not programmed (DONE status = 0).
set_property PROBES.FILE {} [get_hw_devices xc7a35t_0]
set_property FULL_PROBES.FILE {} [get_hw_devices xc7a35t_0]
set_property PROGRAM.FILE {C:/Users/laith/Desktop/Compe_470L/lab_5/lab_5.runs/impl_1/top.bit} [get_hw_devices xc7a35t_0]
program_hw_devices [get_hw_devices xc7a35t_0]
INFO: [Labtools 27-3164] End of startup status: HIGH
refresh_hw_device [lindex [get_hw_devices xc7a35t_0] 0]
INFO: [Labtools 27-1434] Device xc7a35t (JTAG device index = 0) is programmed with a design that has no supported debug core(s) in it.
close_hw_manager
WARNING: [filemgmt 56-199] Attempt to get parsing info during refresh. "On-the-fly" syntax checking information may be incorrect. [C:\Users\laith\Desktop\Compe_470L\lab_5\lab_5.srcs\sources_1\new\UART_Receiver.v:]
WARNING: [filemgmt 56-199] Attempt to get parsing info during refresh. "On-the-fly" syntax checking information may be incorrect. [C:\Users\laith\Desktop\Compe_470L\lab_5\lab_5.srcs\sources_1\new\UART_Transmitter.v:]
WARNING: [filemgmt 56-199] Attempt to get parsing info during refresh. "On-the-fly" syntax checking information may be incorrect. [C:\Users\laith\Desktop\Compe_470L\lab_5\lab_5.srcs\sources_1\new\top.v:]
WARNING: [filemgmt 56-199] Attempt to get parsing info during refresh. "On-the-fly" syntax checking information may be incorrect. [C:\Users\laith\Desktop\Compe_470L\lab_5\lab_5.srcs\sources_1\new\UART_Receiver.v:]
WARNING: [filemgmt 56-199] Attempt to get parsing info during refresh. "On-the-fly" syntax checking information may be incorrect. [C:\Users\laith\Desktop\Compe_470L\lab_5\lab_5.srcs\sources_1\new\UART_Receiver.v:]
WARNING: [filemgmt 56-199] Attempt to get parsing info during refresh. "On-the-fly" syntax checking information may be incorrect. [C:\Users\laith\Desktop\Compe_470L\lab_5\lab_5.srcs\sources_1\new\UART_Receiver.v:]
WARNING: [filemgmt 56-199] Attempt to get parsing info during refresh. "On-the-fly" syntax checking information may be incorrect. [C:\Users\laith\Desktop\Compe_470L\lab_5\lab_5.srcs\sources_1\new\UART_Transmitter.v:]
WARNING: [filemgmt 56-199] Attempt to get parsing info during refresh. "On-the-fly" syntax checking information may be incorrect. [C:\Users\laith\Desktop\Compe_470L\lab_5\lab_5.srcs\sources_1\new\top.v:]
WARNING: [filemgmt 56-199] Attempt to get parsing info during refresh. "On-the-fly" syntax checking information may be incorrect. [C:\Users\laith\Desktop\Compe_470L\lab_5\lab_5.srcs\sources_1\new\UART_Transmitter.v:]
WARNING: [filemgmt 56-199] Attempt to get parsing info during refresh. "On-the-fly" syntax checking information may be incorrect. [C:\Users\laith\Desktop\Compe_470L\lab_5\lab_5.srcs\sources_1\new\UART_Transmitter.v:]
ERROR: [Common 17-180] Spawn failed: No error
WARNING: [filemgmt 56-199] Attempt to get parsing info during refresh. "On-the-fly" syntax checking information may be incorrect. [C:\Users\laith\Desktop\Compe_470L\lab_5\lab_5.srcs\sources_1\new\UART_Receiver.v:]
WARNING: [filemgmt 56-199] Attempt to get parsing info during refresh. "On-the-fly" syntax checking information may be incorrect. [C:\Users\laith\Desktop\Compe_470L\lab_5\lab_5.srcs\sources_1\new\UART_Transmitter.v:]
WARNING: [filemgmt 56-199] Attempt to get parsing info during refresh. "On-the-fly" syntax checking information may be incorrect. [C:\Users\laith\Desktop\Compe_470L\lab_5\lab_5.srcs\sources_1\new\top.v:]
WARNING: [filemgmt 56-199] Attempt to get parsing info during refresh. "On-the-fly" syntax checking information may be incorrect. [C:\Users\laith\Desktop\Compe_470L\lab_5\lab_5.srcs\sources_1\new\top.v:]
WARNING: [filemgmt 56-199] Attempt to get parsing info during refresh. "On-the-fly" syntax checking information may be incorrect. [C:\Users\laith\Desktop\Compe_470L\lab_5\lab_5.srcs\sources_1\new\top.v:]
WARNING: [filemgmt 56-199] Attempt to get parsing info during refresh. "On-the-fly" syntax checking information may be incorrect. [C:\Users\laith\Desktop\Compe_470L\lab_5\lab_5.srcs\sources_1\new\UART_Receiver.v:]
WARNING: [filemgmt 56-199] Attempt to get parsing info during refresh. "On-the-fly" syntax checking information may be incorrect. [C:\Users\laith\Desktop\Compe_470L\lab_5\lab_5.srcs\sources_1\new\UART_Transmitter.v:]
WARNING: [filemgmt 56-199] Attempt to get parsing info during refresh. "On-the-fly" syntax checking information may be incorrect. [C:\Users\laith\Desktop\Compe_470L\lab_5\lab_5.srcs\sources_1\new\top.v:]
WARNING: [filemgmt 56-199] Attempt to get parsing info during refresh. "On-the-fly" syntax checking information may be incorrect. [C:\Users\laith\Desktop\Compe_470L\lab_5\lab_5.srcs\sources_1\new\UART_Transmitter.v:]
WARNING: [filemgmt 56-199] Attempt to get parsing info during refresh. "On-the-fly" syntax checking information may be incorrect. [C:\Users\laith\Desktop\Compe_470L\lab_5\lab_5.srcs\sources_1\new\UART_Transmitter.v:]
ERROR: [Common 17-180] Spawn failed: No error
WARNING: [filemgmt 56-199] Attempt to get parsing info during refresh. "On-the-fly" syntax checking information may be incorrect. [C:\Users\laith\Desktop\Compe_470L\lab_5\lab_5.srcs\sources_1\new\UART_Receiver.v:]
WARNING: [filemgmt 56-199] Attempt to get parsing info during refresh. "On-the-fly" syntax checking information may be incorrect. [C:\Users\laith\Desktop\Compe_470L\lab_5\lab_5.srcs\sources_1\new\UART_Transmitter.v:]
WARNING: [filemgmt 56-199] Attempt to get parsing info during refresh. "On-the-fly" syntax checking information may be incorrect. [C:\Users\laith\Desktop\Compe_470L\lab_5\lab_5.srcs\sources_1\new\top.v:]
WARNING: [filemgmt 56-199] Attempt to get parsing info during refresh. "On-the-fly" syntax checking information may be incorrect. [C:\Users\laith\Desktop\Compe_470L\lab_5\lab_5.srcs\sources_1\new\UART_Receiver.v:]
WARNING: [filemgmt 56-199] Attempt to get parsing info during refresh. "On-the-fly" syntax checking information may be incorrect. [C:\Users\laith\Desktop\Compe_470L\lab_5\lab_5.srcs\sources_1\new\UART_Receiver.v:]
WARNING: [filemgmt 56-199] Attempt to get parsing info during refresh. "On-the-fly" syntax checking information may be incorrect. [C:\Users\laith\Desktop\Compe_470L\lab_5\lab_5.srcs\sources_1\new\UART_Receiver.v:]
WARNING: [filemgmt 56-199] Attempt to get parsing info during refresh. "On-the-fly" syntax checking information may be incorrect. [C:\Users\laith\Desktop\Compe_470L\lab_5\lab_5.srcs\sources_1\new\UART_Transmitter.v:]
WARNING: [filemgmt 56-199] Attempt to get parsing info during refresh. "On-the-fly" syntax checking information may be incorrect. [C:\Users\laith\Desktop\Compe_470L\lab_5\lab_5.srcs\sources_1\new\top.v:]
WARNING: [filemgmt 56-199] Attempt to get parsing info during refresh. "On-the-fly" syntax checking information may be incorrect. [C:\Users\laith\Desktop\Compe_470L\lab_5\lab_5.srcs\sources_1\new\UART_Transmitter.v:]
WARNING: [filemgmt 56-199] Attempt to get parsing info during refresh. "On-the-fly" syntax checking information may be incorrect. [C:\Users\laith\Desktop\Compe_470L\lab_5\lab_5.srcs\sources_1\new\UART_Transmitter.v:]
WARNING: [filemgmt 56-199] Attempt to get parsing info during refresh. "On-the-fly" syntax checking information may be incorrect. [C:\Users\laith\Desktop\Compe_470L\lab_5\lab_5.srcs\sources_1\new\UART_Receiver.v:]
WARNING: [filemgmt 56-199] Attempt to get parsing info during refresh. "On-the-fly" syntax checking information may be incorrect. [C:\Users\laith\Desktop\Compe_470L\lab_5\lab_5.srcs\sources_1\new\UART_Transmitter.v:]
WARNING: [filemgmt 56-199] Attempt to get parsing info during refresh. "On-the-fly" syntax checking information may be incorrect. [C:\Users\laith\Desktop\Compe_470L\lab_5\lab_5.srcs\sources_1\new\top.v:]
WARNING: [filemgmt 56-199] Attempt to get parsing info during refresh. "On-the-fly" syntax checking information may be incorrect. [C:\Users\laith\Desktop\Compe_470L\lab_5\lab_5.srcs\sources_1\new\UART_Transmitter.v:]
WARNING: [filemgmt 56-199] Attempt to get parsing info during refresh. "On-the-fly" syntax checking information may be incorrect. [C:\Users\laith\Desktop\Compe_470L\lab_5\lab_5.srcs\sources_1\new\UART_Transmitter.v:]
WARNING: [filemgmt 56-199] Attempt to get parsing info during refresh. "On-the-fly" syntax checking information may be incorrect. [C:\Users\laith\Desktop\Compe_470L\lab_5\lab_5.srcs\sources_1\new\UART_Receiver.v:]
WARNING: [filemgmt 56-199] Attempt to get parsing info during refresh. "On-the-fly" syntax checking information may be incorrect. [C:\Users\laith\Desktop\Compe_470L\lab_5\lab_5.srcs\sources_1\new\UART_Transmitter.v:]
WARNING: [filemgmt 56-199] Attempt to get parsing info during refresh. "On-the-fly" syntax checking information may be incorrect. [C:\Users\laith\Desktop\Compe_470L\lab_5\lab_5.srcs\sources_1\new\top.v:]
WARNING: [filemgmt 56-199] Attempt to get parsing info during refresh. "On-the-fly" syntax checking information may be incorrect. [C:\Users\laith\Desktop\Compe_470L\lab_5\lab_5.srcs\sources_1\new\UART_Receiver.v:]
WARNING: [filemgmt 56-199] Attempt to get parsing info during refresh. "On-the-fly" syntax checking information may be incorrect. [C:\Users\laith\Desktop\Compe_470L\lab_5\lab_5.srcs\sources_1\new\UART_Receiver.v:]
ERROR: [Common 17-180] Spawn failed: No error
WARNING: [filemgmt 56-199] Attempt to get parsing info during refresh. "On-the-fly" syntax checking information may be incorrect. [C:\Users\laith\Desktop\Compe_470L\lab_5\lab_5.srcs\sources_1\new\UART_Receiver.v:]
WARNING: [filemgmt 56-199] Attempt to get parsing info during refresh. "On-the-fly" syntax checking information may be incorrect. [C:\Users\laith\Desktop\Compe_470L\lab_5\lab_5.srcs\sources_1\new\UART_Transmitter.v:]
WARNING: [filemgmt 56-199] Attempt to get parsing info during refresh. "On-the-fly" syntax checking information may be incorrect. [C:\Users\laith\Desktop\Compe_470L\lab_5\lab_5.srcs\sources_1\new\top.v:]
WARNING: [filemgmt 56-199] Attempt to get parsing info during refresh. "On-the-fly" syntax checking information may be incorrect. [C:\Users\laith\Desktop\Compe_470L\lab_5\lab_5.srcs\sources_1\new\top.v:]
WARNING: [filemgmt 56-199] Attempt to get parsing info during refresh. "On-the-fly" syntax checking information may be incorrect. [C:\Users\laith\Desktop\Compe_470L\lab_5\lab_5.srcs\sources_1\new\top.v:]
WARNING: [filemgmt 56-199] Attempt to get parsing info during refresh. "On-the-fly" syntax checking information may be incorrect. [C:\Users\laith\Desktop\Compe_470L\lab_5\lab_5.srcs\sources_1\new\UART_Receiver.v:]
WARNING: [filemgmt 56-199] Attempt to get parsing info during refresh. "On-the-fly" syntax checking information may be incorrect. [C:\Users\laith\Desktop\Compe_470L\lab_5\lab_5.srcs\sources_1\new\UART_Transmitter.v:]
WARNING: [filemgmt 56-199] Attempt to get parsing info during refresh. "On-the-fly" syntax checking information may be incorrect. [C:\Users\laith\Desktop\Compe_470L\lab_5\lab_5.srcs\sources_1\new\top.v:]
WARNING: [filemgmt 56-199] Attempt to get parsing info during refresh. "On-the-fly" syntax checking information may be incorrect. [C:\Users\laith\Desktop\Compe_470L\lab_5\lab_5.srcs\sources_1\new\UART_Receiver.v:]
WARNING: [filemgmt 56-199] Attempt to get parsing info during refresh. "On-the-fly" syntax checking information may be incorrect. [C:\Users\laith\Desktop\Compe_470L\lab_5\lab_5.srcs\sources_1\new\UART_Receiver.v:]
ERROR: [Common 17-180] Spawn failed: No error
WARNING: [filemgmt 56-199] Attempt to get parsing info during refresh. "On-the-fly" syntax checking information may be incorrect. [C:\Users\laith\Desktop\Compe_470L\lab_5\lab_5.srcs\sources_1\new\UART_Receiver.v:]
WARNING: [filemgmt 56-199] Attempt to get parsing info during refresh. "On-the-fly" syntax checking information may be incorrect. [C:\Users\laith\Desktop\Compe_470L\lab_5\lab_5.srcs\sources_1\new\UART_Transmitter.v:]
WARNING: [filemgmt 56-199] Attempt to get parsing info during refresh. "On-the-fly" syntax checking information may be incorrect. [C:\Users\laith\Desktop\Compe_470L\lab_5\lab_5.srcs\sources_1\new\top.v:]
WARNING: [filemgmt 56-199] Attempt to get parsing info during refresh. "On-the-fly" syntax checking information may be incorrect. [C:\Users\laith\Desktop\Compe_470L\lab_5\lab_5.srcs\sources_1\new\UART_Receiver.v:]
WARNING: [filemgmt 56-199] Attempt to get parsing info during refresh. "On-the-fly" syntax checking information may be incorrect. [C:\Users\laith\Desktop\Compe_470L\lab_5\lab_5.srcs\sources_1\new\UART_Receiver.v:]
WARNING: [filemgmt 56-199] Attempt to get parsing info during refresh. "On-the-fly" syntax checking information may be incorrect. [C:\Users\laith\Desktop\Compe_470L\lab_5\lab_5.srcs\sources_1\new\UART_Receiver.v:]
WARNING: [filemgmt 56-199] Attempt to get parsing info during refresh. "On-the-fly" syntax checking information may be incorrect. [C:\Users\laith\Desktop\Compe_470L\lab_5\lab_5.srcs\sources_1\new\UART_Transmitter.v:]
WARNING: [filemgmt 56-199] Attempt to get parsing info during refresh. "On-the-fly" syntax checking information may be incorrect. [C:\Users\laith\Desktop\Compe_470L\lab_5\lab_5.srcs\sources_1\new\top.v:]
WARNING: [filemgmt 56-199] Attempt to get parsing info during refresh. "On-the-fly" syntax checking information may be incorrect. [C:\Users\laith\Desktop\Compe_470L\lab_5\lab_5.srcs\sources_1\new\UART_Receiver.v:]
WARNING: [filemgmt 56-199] Attempt to get parsing info during refresh. "On-the-fly" syntax checking information may be incorrect. [C:\Users\laith\Desktop\Compe_470L\lab_5\lab_5.srcs\sources_1\new\UART_Receiver.v:]
ERROR: [Common 17-180] Spawn failed: No error
WARNING: [filemgmt 56-199] Attempt to get parsing info during refresh. "On-the-fly" syntax checking information may be incorrect. [C:\Users\laith\Desktop\Compe_470L\lab_5\lab_5.srcs\sources_1\new\UART_Receiver.v:]
WARNING: [filemgmt 56-199] Attempt to get parsing info during refresh. "On-the-fly" syntax checking information may be incorrect. [C:\Users\laith\Desktop\Compe_470L\lab_5\lab_5.srcs\sources_1\new\UART_Transmitter.v:]
WARNING: [filemgmt 56-199] Attempt to get parsing info during refresh. "On-the-fly" syntax checking information may be incorrect. [C:\Users\laith\Desktop\Compe_470L\lab_5\lab_5.srcs\sources_1\new\top.v:]
WARNING: [filemgmt 56-199] Attempt to get parsing info during refresh. "On-the-fly" syntax checking information may be incorrect. [C:\Users\laith\Desktop\Compe_470L\lab_5\lab_5.srcs\sources_1\new\UART_Transmitter.v:]
WARNING: [filemgmt 56-199] Attempt to get parsing info during refresh. "On-the-fly" syntax checking information may be incorrect. [C:\Users\laith\Desktop\Compe_470L\lab_5\lab_5.srcs\sources_1\new\UART_Transmitter.v:]
ERROR: [Common 17-180] Spawn failed: No error
WARNING: [filemgmt 56-199] Attempt to get parsing info during refresh. "On-the-fly" syntax checking information may be incorrect. [C:\Users\laith\Desktop\Compe_470L\lab_5\lab_5.srcs\sources_1\new\UART_Receiver.v:]
WARNING: [filemgmt 56-199] Attempt to get parsing info during refresh. "On-the-fly" syntax checking information may be incorrect. [C:\Users\laith\Desktop\Compe_470L\lab_5\lab_5.srcs\sources_1\new\UART_Transmitter.v:]
WARNING: [filemgmt 56-199] Attempt to get parsing info during refresh. "On-the-fly" syntax checking information may be incorrect. [C:\Users\laith\Desktop\Compe_470L\lab_5\lab_5.srcs\sources_1\new\top.v:]
WARNING: [filemgmt 56-199] Attempt to get parsing info during refresh. "On-the-fly" syntax checking information may be incorrect. [C:\Users\laith\Desktop\Compe_470L\lab_5\lab_5.srcs\sources_1\new\UART_Transmitter.v:]
WARNING: [filemgmt 56-199] Attempt to get parsing info during refresh. "On-the-fly" syntax checking information may be incorrect. [C:\Users\laith\Desktop\Compe_470L\lab_5\lab_5.srcs\sources_1\new\UART_Transmitter.v:]
WARNING: [filemgmt 56-199] Attempt to get parsing info during refresh. "On-the-fly" syntax checking information may be incorrect. [C:\Users\laith\Desktop\Compe_470L\lab_5\lab_5.srcs\sources_1\new\UART_Receiver.v:]
WARNING: [filemgmt 56-199] Attempt to get parsing info during refresh. "On-the-fly" syntax checking information may be incorrect. [C:\Users\laith\Desktop\Compe_470L\lab_5\lab_5.srcs\sources_1\new\UART_Transmitter.v:]
WARNING: [filemgmt 56-199] Attempt to get parsing info during refresh. "On-the-fly" syntax checking information may be incorrect. [C:\Users\laith\Desktop\Compe_470L\lab_5\lab_5.srcs\sources_1\new\top.v:]
WARNING: [filemgmt 56-199] Attempt to get parsing info during refresh. "On-the-fly" syntax checking information may be incorrect. [C:\Users\laith\Desktop\Compe_470L\lab_5\lab_5.srcs\sources_1\new\top.v:]
WARNING: [filemgmt 56-199] Attempt to get parsing info during refresh. "On-the-fly" syntax checking information may be incorrect. [C:\Users\laith\Desktop\Compe_470L\lab_5\lab_5.srcs\sources_1\new\top.v:]
WARNING: [filemgmt 56-199] Attempt to get parsing info during refresh. "On-the-fly" syntax checking information may be incorrect. [C:\Users\laith\Desktop\Compe_470L\lab_5\lab_5.srcs\sources_1\new\UART_Receiver.v:]
WARNING: [filemgmt 56-199] Attempt to get parsing info during refresh. "On-the-fly" syntax checking information may be incorrect. [C:\Users\laith\Desktop\Compe_470L\lab_5\lab_5.srcs\sources_1\new\UART_Transmitter.v:]
WARNING: [filemgmt 56-199] Attempt to get parsing info during refresh. "On-the-fly" syntax checking information may be incorrect. [C:\Users\laith\Desktop\Compe_470L\lab_5\lab_5.srcs\sources_1\new\top.v:]
WARNING: [filemgmt 56-199] Attempt to get parsing info during refresh. "On-the-fly" syntax checking information may be incorrect. [C:\Users\laith\Desktop\Compe_470L\lab_5\lab_5.srcs\sources_1\new\top.v:]
WARNING: [filemgmt 56-199] Attempt to get parsing info during refresh. "On-the-fly" syntax checking information may be incorrect. [C:\Users\laith\Desktop\Compe_470L\lab_5\lab_5.srcs\sources_1\new\top.v:]
WARNING: [filemgmt 56-199] Attempt to get parsing info during refresh. "On-the-fly" syntax checking information may be incorrect. [C:\Users\laith\Desktop\Compe_470L\lab_5\lab_5.srcs\sources_1\new\UART_Receiver.v:]
WARNING: [filemgmt 56-199] Attempt to get parsing info during refresh. "On-the-fly" syntax checking information may be incorrect. [C:\Users\laith\Desktop\Compe_470L\lab_5\lab_5.srcs\sources_1\new\UART_Transmitter.v:]
WARNING: [filemgmt 56-199] Attempt to get parsing info during refresh. "On-the-fly" syntax checking information may be incorrect. [C:\Users\laith\Desktop\Compe_470L\lab_5\lab_5.srcs\sources_1\new\top.v:]
WARNING: [filemgmt 56-199] Attempt to get parsing info during refresh. "On-the-fly" syntax checking information may be incorrect. [C:\Users\laith\Desktop\Compe_470L\lab_5\lab_5.srcs\sources_1\new\UART_Transmitter.v:]
WARNING: [filemgmt 56-199] Attempt to get parsing info during refresh. "On-the-fly" syntax checking information may be incorrect. [C:\Users\laith\Desktop\Compe_470L\lab_5\lab_5.srcs\sources_1\new\UART_Transmitter.v:]
ERROR: [Common 17-180] Spawn failed: No error
WARNING: [filemgmt 56-199] Attempt to get parsing info during refresh. "On-the-fly" syntax checking information may be incorrect. [C:\Users\laith\Desktop\Compe_470L\lab_5\lab_5.srcs\sources_1\new\UART_Receiver.v:]
WARNING: [filemgmt 56-199] Attempt to get parsing info during refresh. "On-the-fly" syntax checking information may be incorrect. [C:\Users\laith\Desktop\Compe_470L\lab_5\lab_5.srcs\sources_1\new\UART_Transmitter.v:]
WARNING: [filemgmt 56-199] Attempt to get parsing info during refresh. "On-the-fly" syntax checking information may be incorrect. [C:\Users\laith\Desktop\Compe_470L\lab_5\lab_5.srcs\sources_1\new\top.v:]
WARNING: [filemgmt 56-199] Attempt to get parsing info during refresh. "On-the-fly" syntax checking information may be incorrect. [C:\Users\laith\Desktop\Compe_470L\lab_5\lab_5.srcs\sources_1\new\top.v:]
WARNING: [filemgmt 56-199] Attempt to get parsing info during refresh. "On-the-fly" syntax checking information may be incorrect. [C:\Users\laith\Desktop\Compe_470L\lab_5\lab_5.srcs\sources_1\new\top.v:]
WARNING: [filemgmt 56-199] Attempt to get parsing info during refresh. "On-the-fly" syntax checking information may be incorrect. [C:\Users\laith\Desktop\Compe_470L\lab_5\lab_5.srcs\sources_1\new\UART_Receiver.v:]
WARNING: [filemgmt 56-199] Attempt to get parsing info during refresh. "On-the-fly" syntax checking information may be incorrect. [C:\Users\laith\Desktop\Compe_470L\lab_5\lab_5.srcs\sources_1\new\UART_Transmitter.v:]
WARNING: [filemgmt 56-199] Attempt to get parsing info during refresh. "On-the-fly" syntax checking information may be incorrect. [C:\Users\laith\Desktop\Compe_470L\lab_5\lab_5.srcs\sources_1\new\top.v:]
WARNING: [filemgmt 56-199] Attempt to get parsing info during refresh. "On-the-fly" syntax checking information may be incorrect. [C:\Users\laith\Desktop\Compe_470L\lab_5\lab_5.srcs\sources_1\new\UART_Receiver.v:]
WARNING: [filemgmt 56-199] Attempt to get parsing info during refresh. "On-the-fly" syntax checking information may be incorrect. [C:\Users\laith\Desktop\Compe_470L\lab_5\lab_5.srcs\sources_1\new\UART_Receiver.v:]
WARNING: [filemgmt 56-199] Attempt to get parsing info during refresh. "On-the-fly" syntax checking information may be incorrect. [C:\Users\laith\Desktop\Compe_470L\lab_5\lab_5.srcs\sources_1\new\UART_Receiver.v:]
WARNING: [filemgmt 56-199] Attempt to get parsing info during refresh. "On-the-fly" syntax checking information may be incorrect. [C:\Users\laith\Desktop\Compe_470L\lab_5\lab_5.srcs\sources_1\new\UART_Transmitter.v:]
WARNING: [filemgmt 56-199] Attempt to get parsing info during refresh. "On-the-fly" syntax checking information may be incorrect. [C:\Users\laith\Desktop\Compe_470L\lab_5\lab_5.srcs\sources_1\new\top.v:]
WARNING: [filemgmt 56-199] Attempt to get parsing info during refresh. "On-the-fly" syntax checking information may be incorrect. [C:\Users\laith\Desktop\Compe_470L\lab_5\lab_5.srcs\sources_1\new\UART_Receiver.v:]
WARNING: [filemgmt 56-199] Attempt to get parsing info during refresh. "On-the-fly" syntax checking information may be incorrect. [C:\Users\laith\Desktop\Compe_470L\lab_5\lab_5.srcs\sources_1\new\UART_Receiver.v:]
WARNING: [filemgmt 56-199] Attempt to get parsing info during refresh. "On-the-fly" syntax checking information may be incorrect. [C:\Users\laith\Desktop\Compe_470L\lab_5\lab_5.srcs\sources_1\new\UART_Receiver.v:]
WARNING: [filemgmt 56-199] Attempt to get parsing info during refresh. "On-the-fly" syntax checking information may be incorrect. [C:\Users\laith\Desktop\Compe_470L\lab_5\lab_5.srcs\sources_1\new\UART_Transmitter.v:]
WARNING: [filemgmt 56-199] Attempt to get parsing info during refresh. "On-the-fly" syntax checking information may be incorrect. [C:\Users\laith\Desktop\Compe_470L\lab_5\lab_5.srcs\sources_1\new\top.v:]
WARNING: [filemgmt 56-199] Attempt to get parsing info during refresh. "On-the-fly" syntax checking information may be incorrect. [C:\Users\laith\Desktop\Compe_470L\lab_5\lab_5.srcs\sources_1\new\top.v:]
WARNING: [filemgmt 56-199] Attempt to get parsing info during refresh. "On-the-fly" syntax checking information may be incorrect. [C:\Users\laith\Desktop\Compe_470L\lab_5\lab_5.srcs\sources_1\new\top.v:]
update_compile_order -fileset sources_1
WARNING: [filemgmt 56-199] Attempt to get parsing info during refresh. "On-the-fly" syntax checking information may be incorrect. [C:\Users\laith\Desktop\Compe_470L\lab_5\lab_5.srcs\sources_1\new\UART_Receiver.v:]
WARNING: [filemgmt 56-199] Attempt to get parsing info during refresh. "On-the-fly" syntax checking information may be incorrect. [C:\Users\laith\Desktop\Compe_470L\lab_5\lab_5.srcs\sources_1\new\UART_Transmitter.v:]
WARNING: [filemgmt 56-199] Attempt to get parsing info during refresh. "On-the-fly" syntax checking information may be incorrect. [C:\Users\laith\Desktop\Compe_470L\lab_5\lab_5.srcs\sources_1\new\top.v:]
WARNING: [filemgmt 56-199] Attempt to get parsing info during refresh. "On-the-fly" syntax checking information may be incorrect. [C:\Users\laith\Desktop\Compe_470L\lab_5\lab_5.srcs\sources_1\new\UART_Transmitter.v:]
WARNING: [filemgmt 56-199] Attempt to get parsing info during refresh. "On-the-fly" syntax checking information may be incorrect. [C:\Users\laith\Desktop\Compe_470L\lab_5\lab_5.srcs\sources_1\new\UART_Transmitter.v:]
ERROR: [Common 17-180] Spawn failed: No error
WARNING: [filemgmt 56-199] Attempt to get parsing info during refresh. "On-the-fly" syntax checking information may be incorrect. [C:\Users\laith\Desktop\Compe_470L\lab_5\lab_5.srcs\sources_1\new\UART_Receiver.v:]
WARNING: [filemgmt 56-199] Attempt to get parsing info during refresh. "On-the-fly" syntax checking information may be incorrect. [C:\Users\laith\Desktop\Compe_470L\lab_5\lab_5.srcs\sources_1\new\UART_Transmitter.v:]
WARNING: [filemgmt 56-199] Attempt to get parsing info during refresh. "On-the-fly" syntax checking information may be incorrect. [C:\Users\laith\Desktop\Compe_470L\lab_5\lab_5.srcs\sources_1\new\top.v:]
WARNING: [filemgmt 56-199] Attempt to get parsing info during refresh. "On-the-fly" syntax checking information may be incorrect. [C:\Users\laith\Desktop\Compe_470L\lab_5\lab_5.srcs\sources_1\new\UART_Transmitter.v:]
WARNING: [filemgmt 56-199] Attempt to get parsing info during refresh. "On-the-fly" syntax checking information may be incorrect. [C:\Users\laith\Desktop\Compe_470L\lab_5\lab_5.srcs\sources_1\new\UART_Transmitter.v:]
WARNING: [filemgmt 56-199] Attempt to get parsing info during refresh. "On-the-fly" syntax checking information may be incorrect. [C:\Users\laith\Desktop\Compe_470L\lab_5\lab_5.srcs\sources_1\new\UART_Receiver.v:]
WARNING: [filemgmt 56-199] Attempt to get parsing info during refresh. "On-the-fly" syntax checking information may be incorrect. [C:\Users\laith\Desktop\Compe_470L\lab_5\lab_5.srcs\sources_1\new\UART_Transmitter.v:]
WARNING: [filemgmt 56-199] Attempt to get parsing info during refresh. "On-the-fly" syntax checking information may be incorrect. [C:\Users\laith\Desktop\Compe_470L\lab_5\lab_5.srcs\sources_1\new\top.v:]
WARNING: [filemgmt 56-199] Attempt to get parsing info during refresh. "On-the-fly" syntax checking information may be incorrect. [C:\Users\laith\Desktop\Compe_470L\lab_5\lab_5.srcs\sources_1\new\top.v:]
WARNING: [filemgmt 56-199] Attempt to get parsing info during refresh. "On-the-fly" syntax checking information may be incorrect. [C:\Users\laith\Desktop\Compe_470L\lab_5\lab_5.srcs\sources_1\new\top.v:]
WARNING: [filemgmt 56-199] Attempt to get parsing info during refresh. "On-the-fly" syntax checking information may be incorrect. [C:\Users\laith\Desktop\Compe_470L\lab_5\lab_5.srcs\sources_1\new\UART_Receiver.v:]
WARNING: [filemgmt 56-199] Attempt to get parsing info during refresh. "On-the-fly" syntax checking information may be incorrect. [C:\Users\laith\Desktop\Compe_470L\lab_5\lab_5.srcs\sources_1\new\UART_Transmitter.v:]
WARNING: [filemgmt 56-199] Attempt to get parsing info during refresh. "On-the-fly" syntax checking information may be incorrect. [C:\Users\laith\Desktop\Compe_470L\lab_5\lab_5.srcs\sources_1\new\top.v:]
WARNING: [filemgmt 56-199] Attempt to get parsing info during refresh. "On-the-fly" syntax checking information may be incorrect. [C:\Users\laith\Desktop\Compe_470L\lab_5\lab_5.srcs\sources_1\new\UART_Transmitter.v:]
WARNING: [filemgmt 56-199] Attempt to get parsing info during refresh. "On-the-fly" syntax checking information may be incorrect. [C:\Users\laith\Desktop\Compe_470L\lab_5\lab_5.srcs\sources_1\new\UART_Transmitter.v:]
WARNING: [filemgmt 56-199] Attempt to get parsing info during refresh. "On-the-fly" syntax checking information may be incorrect. [C:\Users\laith\Desktop\Compe_470L\lab_5\lab_5.srcs\sources_1\new\UART_Receiver.v:]
WARNING: [filemgmt 56-199] Attempt to get parsing info during refresh. "On-the-fly" syntax checking information may be incorrect. [C:\Users\laith\Desktop\Compe_470L\lab_5\lab_5.srcs\sources_1\new\UART_Transmitter.v:]
WARNING: [filemgmt 56-199] Attempt to get parsing info during refresh. "On-the-fly" syntax checking information may be incorrect. [C:\Users\laith\Desktop\Compe_470L\lab_5\lab_5.srcs\sources_1\new\top.v:]
WARNING: [filemgmt 56-199] Attempt to get parsing info during refresh. "On-the-fly" syntax checking information may be incorrect. [C:\Users\laith\Desktop\Compe_470L\lab_5\lab_5.srcs\sources_1\new\UART_Receiver.v:]
WARNING: [filemgmt 56-199] Attempt to get parsing info during refresh. "On-the-fly" syntax checking information may be incorrect. [C:\Users\laith\Desktop\Compe_470L\lab_5\lab_5.srcs\sources_1\new\UART_Receiver.v:]
ERROR: [Common 17-180] Spawn failed: No error
update_compile_order -fileset sources_1
WARNING: [filemgmt 56-199] Attempt to get parsing info during refresh. "On-the-fly" syntax checking information may be incorrect. [C:\Users\laith\Desktop\Compe_470L\lab_5\lab_5.srcs\sources_1\new\UART_Receiver.v:]
WARNING: [filemgmt 56-199] Attempt to get parsing info during refresh. "On-the-fly" syntax checking information may be incorrect. [C:\Users\laith\Desktop\Compe_470L\lab_5\lab_5.srcs\sources_1\new\UART_Transmitter.v:]
WARNING: [filemgmt 56-199] Attempt to get parsing info during refresh. "On-the-fly" syntax checking information may be incorrect. [C:\Users\laith\Desktop\Compe_470L\lab_5\lab_5.srcs\sources_1\new\top.v:]
WARNING: [filemgmt 56-199] Attempt to get parsing info during refresh. "On-the-fly" syntax checking information may be incorrect. [C:\Users\laith\Desktop\Compe_470L\lab_5\lab_5.srcs\sources_1\new\UART_Receiver.v:]
WARNING: [filemgmt 56-199] Attempt to get parsing info during refresh. "On-the-fly" syntax checking information may be incorrect. [C:\Users\laith\Desktop\Compe_470L\lab_5\lab_5.srcs\sources_1\new\UART_Receiver.v:]
WARNING: [filemgmt 56-199] Attempt to get parsing info during refresh. "On-the-fly" syntax checking information may be incorrect. [C:\Users\laith\Desktop\Compe_470L\lab_5\lab_5.srcs\sources_1\new\UART_Receiver.v:]
WARNING: [filemgmt 56-199] Attempt to get parsing info during refresh. "On-the-fly" syntax checking information may be incorrect. [C:\Users\laith\Desktop\Compe_470L\lab_5\lab_5.srcs\sources_1\new\UART_Transmitter.v:]
WARNING: [filemgmt 56-199] Attempt to get parsing info during refresh. "On-the-fly" syntax checking information may be incorrect. [C:\Users\laith\Desktop\Compe_470L\lab_5\lab_5.srcs\sources_1\new\top.v:]
WARNING: [filemgmt 56-199] Attempt to get parsing info during refresh. "On-the-fly" syntax checking information may be incorrect. [C:\Users\laith\Desktop\Compe_470L\lab_5\lab_5.srcs\sources_1\new\top.v:]
WARNING: [filemgmt 56-199] Attempt to get parsing info during refresh. "On-the-fly" syntax checking information may be incorrect. [C:\Users\laith\Desktop\Compe_470L\lab_5\lab_5.srcs\sources_1\new\top.v:]
launch_simulation
Command: launch_simulation 
INFO: [Vivado 12-12493] Simulation top is 'tb_top'
WARNING: [Vivado 12-13340] Unable to auto find GCC executables from simulator install path! (path not set)
INFO: [Vivado 12-5682] Launching behavioral simulation in 'C:/Users/laith/Desktop/Compe_470L/lab_5/lab_5.sim/sim_1/behav/xsim'
INFO: [SIM-utils-51] Simulation object is 'sim_1'
INFO: [SIM-utils-72] Using boost library from 'C:/Xilinx/Vivado/2024.2/tps/boost_1_72_0'
INFO: [SIM-utils-54] Inspecting design source files for 'tb_top' in fileset 'sim_1'...
INFO: [USF-XSim-97] Finding global include files...
INFO: [USF-XSim-98] Fetching design files from 'sim_1'...
INFO: [USF-XSim-2] XSim::Compile design
INFO: [USF-XSim-61] Executing 'COMPILE and ANALYZE' step in 'C:/Users/laith/Desktop/Compe_470L/lab_5/lab_5.sim/sim_1/behav/xsim'
"xvlog --incr --relax -prj tb_top_vlog.prj"
INFO: [VRFC 10-2263] Analyzing Verilog file "C:/Users/laith/Desktop/Compe_470L/lab_5/lab_5.srcs/sources_1/new/UART_Receiver.v" into library xil_defaultlib
INFO: [VRFC 10-311] analyzing module UART_Receiver
INFO: [VRFC 10-2263] Analyzing Verilog file "C:/Users/laith/Desktop/Compe_470L/lab_5/lab_5.srcs/sources_1/new/UART_Transmitter.v" into library xil_defaultlib
INFO: [VRFC 10-311] analyzing module UART_Transmitter
INFO: [VRFC 10-2263] Analyzing Verilog file "C:/Users/laith/Desktop/Compe_470L/lab_5/lab_5.srcs/sources_1/new/top.v" into library xil_defaultlib
INFO: [VRFC 10-311] analyzing module top
INFO: [VRFC 10-2263] Analyzing Verilog file "C:/Users/laith/Desktop/Compe_470L/lab_5/lab_5.srcs/sources_1/new/tb_top.v" into library xil_defaultlib
INFO: [VRFC 10-311] analyzing module tb_top
INFO: [VRFC 10-2263] Analyzing Verilog file "C:/Users/laith/Desktop/Compe_470L/lab_5/lab_5.sim/sim_1/behav/xsim/glbl.v" into library xil_defaultlib
INFO: [VRFC 10-311] analyzing module glbl
run_program: Time (s): cpu = 00:00:00 ; elapsed = 00:00:06 . Memory (MB): peak = 1365.418 ; gain = 0.000
INFO: [USF-XSim-69] 'compile' step finished in '6' seconds
INFO: [USF-XSim-3] XSim::Elaborate design
INFO: [USF-XSim-61] Executing 'ELABORATE' step in 'C:/Users/laith/Desktop/Compe_470L/lab_5/lab_5.sim/sim_1/behav/xsim'
"xelab --incr --debug typical --relax --mt 2 -L xil_defaultlib -L unisims_ver -L unimacro_ver -L secureip --snapshot tb_top_behav xil_defaultlib.tb_top xil_defaultlib.glbl -log elaborate.log"
Vivado Simulator v2024.2.0
Copyright 1986-2022 Xilinx, Inc. All Rights Reserved.
Copyright 2022-2024 Advanced Micro Devices, Inc. All Rights Reserved.
Running: C:/Xilinx/Vivado/2024.2/bin/unwrapped/win64.o/xelab.exe --incr --debug typical --relax --mt 2 -L xil_defaultlib -L unisims_ver -L unimacro_ver -L secureip --snapshot tb_top_behav xil_defaultlib.tb_top xil_defaultlib.glbl -log elaborate.log 
Using 2 slave threads.
Starting static elaboration
Pass Through NonSizing Optimizer
Completed static elaboration
Starting simulation data flow analysis
Completed simulation data flow analysis
Time Resolution for simulation is 1ps
Compiling module xil_defaultlib.UART_Receiver
Compiling module xil_defaultlib.UART_Transmitter
Compiling module xil_defaultlib.top
Compiling module xil_defaultlib.tb_top
Compiling module xil_defaultlib.glbl
Built simulation snapshot tb_top_behav
run_program: Time (s): cpu = 00:00:03 ; elapsed = 00:00:09 . Memory (MB): peak = 1369.703 ; gain = 4.285
INFO: [USF-XSim-69] 'elaborate' step finished in '9' seconds
INFO: [USF-XSim-4] XSim::Simulate design
INFO: [USF-XSim-61] Executing 'SIMULATE' step in 'C:/Users/laith/Desktop/Compe_470L/lab_5/lab_5.sim/sim_1/behav/xsim'
INFO: [USF-XSim-98] *** Running xsim
   with args "tb_top_behav -key {Behavioral:sim_1:Functional:tb_top} -tclbatch {tb_top.tcl} -view {C:/Users/laith/Desktop/Compe_470L/lab_5/tb_top_behav.wcfg} -log {simulate.log}"
INFO: [USF-XSim-8] Loading simulator feature
INFO: [Common 17-41] Interrupt caught. Command should exit soon.
ERROR: [Simtcl 6-50] Simulation engine failed to start: The Simulation shut down unexpectedly during initialization.
Please see the Tcl Console or the Messages for details.
exit
